<?xml version="1.0" encoding="UTF-8"?>
<testsuite name="ru.clevertec.ObjParserTest" tests="4" skipped="0" failures="0" errors="0" timestamp="2023-02-26T16:11:37" hostname="USER-PC" time="0.213">
  <properties/>
  <testcase name="toJson()" classname="ru.clevertec.ObjParserTest" time="0.115"/>
  <testcase name="[1] Simple{id=1, name='Filche', surName='D-Grey', age=12, likeApple=true}" classname="ru.clevertec.ObjParserTest" time="0.03"/>
  <testcase name="[2] ru.clevertec.entity.Middle@92aa5a2b" classname="ru.clevertec.ObjParserTest" time="0.015"/>
  <testcase name="[3] ru.clevertec.entity.Top@29a0cdb" classname="ru.clevertec.ObjParserTest" time="0.007"/>
  <system-out><![CDATA[]]></system-out>
  <system-err><![CDATA[]]></system-err>
</testsuite>
